# JRE version: Java(TM) SE Runtime Environment (17.0.18+8) (build 17.0.18+8-LTS-264)
# Java VM: Java HotSpot(TM) 64-Bit Server VM (17.0.18+8-LTS-264, mixed mode, sharing, tiered, compressed oops, compressed class ptrs, g1 gc, windows-amd64)
GC Precious Log:
 CPUs: 12 total, 12 available
 Memory: 16071M
 Large Page Support: Disabled
 NUMA Support: Disabled
 Compressed Oops: Enabled (Zero based)
 Heap Region Size: 2M
 Heap Min Capacity: 8M
 Heap Initial Capacity: 252M
 Heap Max Capacity: 4G
 Pre-touch: Disabled
 Parallel Workers: 10
 Concurrent Workers: 3
 Concurrent Refinement Workers: 10
 Periodic GC: Disabled
Heap:
 garbage-first heap   total 294912K, used 202529K [0x0000000700000000, 0x0000000800000000)
  region size 2048K, 36 young (73728K), 5 survivors (10240K)
 Metaspace       used 139661K, committed 140736K, reserved 557056K
  class space    used 18208K, committed 18688K, reserved 425984K
GC Heap History (20 events):
Event: 19.821 GC heap before
{Heap before GC invocations=18 (full 0):
 garbage-first heap   total 139264K, used 109209K [0x0000000700000000, 0x0000000800000000)
  region size 2048K, 30 young (61440K), 5 survivors (10240K)
 Metaspace       used 67872K, committed 68544K, reserved 491520K
  class space    used 9436K, committed 9728K, reserved 425984K
}
Event: 19.841 GC heap after
{Heap after GC invocations=19 (full 0):
 garbage-first heap   total 139264K, used 64528K [0x0000000700000000, 0x0000000800000000)
  region size 2048K, 2 young (4096K), 2 survivors (4096K)
 Metaspace       used 67872K, committed 68544K, reserved 491520K
  class space    used 9436K, committed 9728K, reserved 425984K
}
Event: 20.668 GC heap before
{Heap before GC invocations=19 (full 0):
 garbage-first heap   total 139264K, used 107536K [0x0000000700000000, 0x0000000800000000)
  region size 2048K, 23 young (47104K), 2 survivors (4096K)
 Metaspace       used 72464K, committed 73088K, reserved 491520K
  class space    used 9834K, committed 10112K, reserved 425984K
}
Event: 20.680 GC heap after
{Heap after GC invocations=20 (full 0):
 garbage-first heap   total 294912K, used 68133K [0x0000000700000000, 0x0000000800000000)
  region size 2048K, 2 young (4096K), 2 survivors (4096K)
 Metaspace       used 72464K, committed 73088K, reserved 491520K
  class space    used 9834K, committed 10112K, reserved 425984K
}
Event: 25.549 GC heap before
{Heap before GC invocations=20 (full 0):
 garbage-first heap   total 294912K, used 231973K [0x0000000700000000, 0x0000000800000000)
  region size 2048K, 82 young (167936K), 2 survivors (4096K)
 Metaspace       used 85745K, committed 86400K, reserved 557056K
  class space    used 11405K, committed 11712K, reserved 425984K
}
Event: 25.563 GC heap after
{Heap after GC invocations=21 (full 0):
 garbage-first heap   total 294912K, used 76978K [0x0000000700000000, 0x0000000800000000)
  region size 2048K, 6 young (12288K), 6 survivors (12288K)
 Metaspace       used 85745K, committed 86400K, reserved 557056K
  class space    used 11405K, committed 11712K, reserved 425984K
}
Event: 27.217 GC heap before
{Heap before GC invocations=21 (full 0):
 garbage-first heap   total 294912K, used 189618K [0x0000000700000000, 0x0000000800000000)
  region size 2048K, 62 young (126976K), 6 survivors (12288K)
 Metaspace       used 99626K, committed 100288K, reserved 557056K
  class space    used 12880K, committed 13184K, reserved 425984K
}
Event: 27.227 GC heap after
{Heap after GC invocations=22 (full 0):
 garbage-first heap   total 294912K, used 82572K [0x0000000700000000, 0x0000000800000000)
  region size 2048K, 8 young (16384K), 8 survivors (16384K)
 Metaspace       used 99626K, committed 100288K, reserved 557056K
  class space    used 12880K, committed 13184K, reserved 425984K
}
Event: 29.711 GC heap before
{Heap before GC invocations=23 (full 0):
 garbage-first heap   total 294912K, used 234124K [0x0000000700000000, 0x0000000800000000)
  region size 2048K, 82 young (167936K), 8 survivors (16384K)
 Metaspace       used 107286K, committed 108032K, reserved 557056K
  class space    used 13893K, committed 14272K, reserved 425984K
}
Event: 29.723 GC heap after
{Heap after GC invocations=24 (full 0):
 garbage-first heap   total 294912K, used 93689K [0x0000000700000000, 0x0000000800000000)
  region size 2048K, 9 young (18432K), 9 survivors (18432K)
 Metaspace       used 107286K, committed 108032K, reserved 557056K
  class space    used 13893K, committed 14272K, reserved 425984K
}
Event: 32.879 GC heap before
{Heap before GC invocations=25 (full 0):
 garbage-first heap   total 294912K, used 241145K [0x0000000700000000, 0x0000000800000000)
  region size 2048K, 77 young (157696K), 9 survivors (18432K)
 Metaspace       used 117058K, committed 117952K, reserved 557056K
  class space    used 15346K, committed 15744K, reserved 425984K
}
Event: 32.888 GC heap after
{Heap after GC invocations=26 (full 0):
 garbage-first heap   total 294912K, used 101943K [0x0000000700000000, 0x0000000800000000)
  region size 2048K, 5 young (10240K), 5 survivors (10240K)
 Metaspace       used 117058K, committed 117952K, reserved 557056K
  class space    used 15346K, committed 15744K, reserved 425984K
}
Event: 34.646 GC heap before
{Heap before GC invocations=26 (full 0):
 garbage-first heap   total 294912K, used 239159K [0x0000000700000000, 0x0000000800000000)
  region size 2048K, 70 young (143360K), 5 survivors (10240K)
 Metaspace       used 125375K, committed 126208K, reserved 557056K
  class space    used 16449K, committed 16832K, reserved 425984K
}
Event: 34.653 GC heap after
{Heap after GC invocations=27 (full 0):
 garbage-first heap   total 294912K, used 109525K [0x0000000700000000, 0x0000000800000000)
  region size 2048K, 6 young (12288K), 6 survivors (12288K)
 Metaspace       used 125375K, committed 126208K, reserved 557056K
  class space    used 16449K, committed 16832K, reserved 425984K
}
Event: 42.891 GC heap before
{Heap before GC invocations=27 (full 0):
 garbage-first heap   total 294912K, used 238549K [0x0000000700000000, 0x0000000800000000)
  region size 2048K, 69 young (141312K), 6 survivors (12288K)
 Metaspace       used 126761K, committed 127680K, reserved 557056K
  class space    used 16533K, committed 16960K, reserved 425984K
}
Event: 42.961 GC heap after
{Heap after GC invocations=28 (full 0):
 garbage-first heap   total 294912K, used 125119K [0x0000000700000000, 0x0000000800000000)
  region size 2048K, 9 young (18432K), 9 survivors (18432K)
 Metaspace       used 126761K, committed 127680K, reserved 557056K
  class space    used 16533K, committed 16960K, reserved 425984K
}
Event: 45.817 GC heap before
{Heap before GC invocations=28 (full 0):
 garbage-first heap   total 294912K, used 233663K [0x0000000700000000, 0x0000000800000000)
  region size 2048K, 62 young (126976K), 9 survivors (18432K)
 Metaspace       used 131348K, committed 132352K, reserved 557056K
  class space    used 17023K, committed 17472K, reserved 425984K
}
Event: 45.838 GC heap after
{Heap after GC invocations=29 (full 0):
 garbage-first heap   total 294912K, used 131934K [0x0000000700000000, 0x0000000800000000)
  region size 2048K, 7 young (14336K), 7 survivors (14336K)
 Metaspace       used 131348K, committed 132352K, reserved 557056K
  class space    used 17023K, committed 17472K, reserved 425984K
}
Event: 48.912 GC heap before
{Heap before GC invocations=29 (full 0):
 garbage-first heap   total 294912K, used 232286K [0x0000000700000000, 0x0000000800000000)
  region size 2048K, 56 young (114688K), 7 survivors (14336K)
 Metaspace       used 138603K, committed 139648K, reserved 557056K
  class space    used 18118K, committed 18624K, reserved 425984K
}
Event: 48.927 GC heap after
{Heap after GC invocations=30 (full 0):
 garbage-first heap   total 294912K, used 141089K [0x0000000700000000, 0x0000000800000000)
  region size 2048K, 5 young (10240K), 5 survivors (10240K)
 Metaspace       used 138603K, committed 139648K, reserved 557056K
  class space    used 18118K, committed 18624K, reserved 425984K
}

